[DEBUG] [1:53 PM] [8/25/2018] Open
[DEBUG] [1:54 PM] [8/25/2018] Update Button Clicked
[DEBUG] [1:54 PM] [8/25/2018] Delete Button Clicked
[DEBUG] [1:54 PM] [8/25/2018] Add Student Button Clicked
[DEBUG] [1:54 PM] [8/25/2018] Admin Button Clicked
[DEBUG] [1:54 PM] [8/25/2018] Update Button Clicked
[DEBUG] [1:55 PM] [8/25/2018] Search Button Clicked
[DEBUG] [1:55 PM] [8/25/2018] Settings Button Clicked
[DEBUG] [1:55 PM] [8/25/2018] Update Button Clicked
[DEBUG] [1:55 PM] [8/25/2018] Search Button Clicked
[DEBUG] [1:55 PM] [8/25/2018] Admin Button Clicked
[DEBUG] [1:56 PM] [8/25/2018] Search Button Clicked
[DEBUG] [1:56 PM] [8/25/2018] Admin Button Clicked
[DEBUG] [1:56 PM] [8/25/2018] Open
[DEBUG] [1:56 PM] [8/25/2018] Open
[DEBUG] [1:57 PM] [8/25/2018] Search Button Clicked
[DEBUG] [2:30 PM] [8/25/2018] Open
[DEBUG] [2:31 PM] [8/25/2018] Search Button Clicked
[DEBUG] [2:31 PM] [8/25/2018] Add Student Button Clicked
[DEBUG] [2:31 PM] [8/25/2018] Settings Button Clicked
[DEBUG] [2:31 PM] [8/25/2018] Add Student Button Clicked
[DEBUG] [2:31 PM] [8/25/2018] Search Button Clicked
[DEBUG] [2:31 PM] [8/25/2018] Search Button Clicked
[DEBUG] [2:32 PM] [8/25/2018] Admin Button Clicked
[DEBUG] [2:33 PM] [8/25/2018] Search Button Clicked
[DEBUG] [2:33 PM] [8/25/2018] Admin Button Clicked
[DEBUG] [3:40 PM] [8/25/2018] Open
[DEBUG] [3:41 PM] [8/25/2018] Update Button Clicked
[DEBUG] [3:41 PM] [8/25/2018] Add Student Button Clicked
[DEBUG] [3:42 PM] [8/25/2018] Update Button Clicked
[DEBUG] [3:42 PM] [8/25/2018] Search Button Clicked
[DEBUG] [3:42 PM] [8/25/2018] Admin Button Clicked
[DEBUG] [3:53 PM] [8/25/2018] Open
[DEBUG] [3:54 PM] [8/25/2018] Search Button Clicked
[DEBUG] [3:54 PM] [8/25/2018] Delete Button Clicked
[DEBUG] [3:54 PM] [8/25/2018] Update Button Clicked
[DEBUG] [3:54 PM] [8/25/2018] Admin Button Clicked
[DEBUG] [3:54 PM] [8/25/2018] Update Button Clicked
[DEBUG] [3:54 PM] [8/25/2018] Search Button Clicked
[DEBUG] [3:55 PM] [8/25/2018] Update Button Clicked
[DEBUG] [3:58 PM] [8/25/2018] Open
[DEBUG] [3:59 PM] [8/25/2018] Search Button Clicked
[DEBUG] [3:59 PM] [8/25/2018] Update Button Clicked
[DEBUG] [4:02 PM] [8/25/2018] Search Button Clicked
[DEBUG] [4:03 PM] [8/25/2018] Update Button Clicked
[DEBUG] [4:15 PM] [8/25/2018] Open
[FATAL] [4:15 PM] [8/25/2018] [Method - UpdateTotalTimeByAmount] Syntax error: Missing operand after '=' operator.
[DEBUG] [4:39 PM] [8/25/2018] Open
[DEBUG] [4:39 PM] [8/25/2018] Admin Button Clicked
[DEBUG] [4:46 PM] [8/25/2018] Open
[FATAL] [4:46 PM] [8/25/2018] [Method - UpdateTotalTimeByAmount] Syntax error: Missing operand after '=' operator.
[DEBUG] [8:46 AM] [8/27/2018] Open
[DEBUG] [8:47 AM] [8/27/2018] Search Button Clicked
[DEBUG] [8:47 AM] [8/27/2018] Update Button Clicked
[DEBUG] [6:11 PM] [4/15/2019] Open
[DEBUG] [6:11 PM] [4/15/2019] Settings Button Clicked
[DEBUG] [6:11 PM] [4/15/2019] Admin Button Clicked
[DEBUG] [6:11 PM] [4/15/2019] Update Button Clicked
[DEBUG] [6:11 PM] [4/15/2019] Add Student Button Clicked
[DEBUG] [6:11 PM] [4/15/2019] Main Button Clicked
[DEBUG] [6:11 PM] [4/15/2019] Delete Button Clicked
[DEBUG] [6:11 PM] [4/15/2019] Search Button Clicked
[DEBUG] [6:11 PM] [4/15/2019] Settings Button Clicked
[DEBUG] [6:11 PM] [4/15/2019] Delete Button Clicked
[DEBUG] [6:11 PM] [4/15/2019] Update Button Clicked
